<?xml version="1.0" encoding="UTF-8"?>
<testsuite name="betr.intern.spring_users.SpringUsersApplicationTests" tests="1" skipped="0" failures="0" errors="0" timestamp="2026-06-29T14:32:11.173Z" hostname="Denisas-MacBook-Pro.local" time="1.854">
  <properties/>
  <testcase name="contextLoads()" classname="betr.intern.spring_users.SpringUsersApplicationTests" time="0.297"/>
  <system-out><![CDATA[17:32:11.246 [Test worker] INFO org.springframework.test.context.support.AnnotationConfigContextLoaderUtils -- Could not detect default configuration classes for test class [betr.intern.spring_users.SpringUsersApplicationTests]: SpringUsersApplicationTests does not declare any static, non-private, non-final, nested classes annotated with @Configuration.
17:32:11.293 [Test worker] INFO org.springframework.boot.test.context.SpringBootTestContextBootstrapper -- Found @SpringBootConfiguration betr.intern.spring_users.SpringUsersApplication for test class betr.intern.spring_users.SpringUsersApplicationTests
17:32:11.327 [Test worker] INFO org.springframework.test.context.support.AnnotationConfigContextLoaderUtils -- Could not detect default configuration classes for test class [betr.intern.spring_users.SpringUsersApplicationTests]: SpringUsersApplicationTests does not declare any static, non-private, non-final, nested classes annotated with @Configuration.
17:32:11.328 [Test worker] INFO org.springframework.boot.test.context.SpringBootTestContextBootstrapper -- Found @SpringBootConfiguration betr.intern.spring_users.SpringUsersApplication for test class betr.intern.spring_users.SpringUsersApplicationTests

  .   ____          _            __ _ _
 /\\ / ___'_ __ _ _(_)_ __  __ _ \ \ \ \
( ( )\___ | '_ | '_| | '_ \/ _` | \ \ \ \
 \\/  ___)| |_)| | | | | || (_| |  ) ) ) )
  '  |____| .__|_| |_|_| |_\__, | / / / /
 =========|_|==============|___/=/_/_/_/

 :: Spring Boot ::                (v4.1.0)

2026-06-29T17:32:11.481+03:00  INFO 30890 --- [spring-users] [    Test worker] b.i.s.SpringUsersApplicationTests        : Starting SpringUsersApplicationTests using Java 21.0.11 with PID 30890 (started by denisa.caruntupitchtech.ro in /Users/denisa.caruntupitchtech.ro/Downloads/spring-users/PT_Intern)
2026-06-29T17:32:11.482+03:00  INFO 30890 --- [spring-users] [    Test worker] b.i.s.SpringUsersApplicationTests        : No active profile set, falling back to 1 default profile: "default"
2026-06-29T17:32:11.740+03:00  INFO 30890 --- [spring-users] [    Test worker] .s.d.r.c.RepositoryConfigurationDelegate : Bootstrapping Spring Data JPA repositories in DEFAULT mode.
2026-06-29T17:32:11.753+03:00  INFO 30890 --- [spring-users] [    Test worker] .s.d.r.c.RepositoryConfigurationDelegate : Finished Spring Data repository scanning in 7 ms. Found 0 JPA repository interfaces.
2026-06-29T17:32:11.913+03:00  INFO 30890 --- [spring-users] [    Test worker] com.zaxxer.hikari.HikariDataSource       : HikariPool-1 - Starting...
2026-06-29T17:32:11.996+03:00  INFO 30890 --- [spring-users] [    Test worker] com.zaxxer.hikari.pool.HikariPool        : HikariPool-1 - Added connection conn0: url=jdbc:h2:mem:6611a652-4851-4eb1-830f-50a1e3297fed user=SA
2026-06-29T17:32:11.997+03:00  INFO 30890 --- [spring-users] [    Test worker] com.zaxxer.hikari.HikariDataSource       : HikariPool-1 - Start completed.
2026-06-29T17:32:12.015+03:00  INFO 30890 --- [spring-users] [    Test worker] org.hibernate.orm.jpa                    : HHH008540: Processing PersistenceUnitInfo [name: default]
2026-06-29T17:32:12.040+03:00  INFO 30890 --- [spring-users] [    Test worker] org.hibernate.orm.core                   : HHH000001: Hibernate ORM core version 7.4.1.Final
2026-06-29T17:32:12.221+03:00  INFO 30890 --- [spring-users] [    Test worker] o.s.o.j.p.SpringPersistenceUnitInfo      : No LoadTimeWeaver setup: ignoring JPA class transformer
2026-06-29T17:32:12.261+03:00  INFO 30890 --- [spring-users] [    Test worker] org.hibernate.orm.connections.pooling    : HHH10001005: Database info:
	Database JDBC URL [jdbc:h2:mem:6611a652-4851-4eb1-830f-50a1e3297fed]
	Database driver: H2 JDBC Driver
	Database dialect: H2Dialect
	Database version: 2.4.240
	Default catalog/schema: 6611A652-4851-4EB1-830F-50A1E3297FED/PUBLIC
	Autocommit mode: undefined/unknown
	Isolation level: READ_COMMITTED [default READ_COMMITTED]
	JDBC fetch size: 100
	Pool: DataSourceConnectionProvider
	Minimum pool size: undefined/unknown
	Maximum pool size: undefined/unknown
2026-06-29T17:32:12.445+03:00  INFO 30890 --- [spring-users] [    Test worker] org.hibernate.orm.core                   : HHH000489: No JTA platform available (set 'hibernate.transaction.jta.platform' to enable JTA platform integration)
2026-06-29T17:32:12.457+03:00  INFO 30890 --- [spring-users] [    Test worker] j.LocalContainerEntityManagerFactoryBean : Initialized JPA EntityManagerFactory for persistence unit 'default'
2026-06-29T17:32:12.500+03:00  WARN 30890 --- [spring-users] [    Test worker] JpaBaseConfiguration$JpaWebConfiguration : spring.jpa.open-in-view is enabled by default. Therefore, database queries may be performed during view rendering. Explicitly configure spring.jpa.open-in-view to disable this warning
2026-06-29T17:32:12.724+03:00  INFO 30890 --- [spring-users] [    Test worker] b.i.s.SpringUsersApplicationTests        : Started SpringUsersApplicationTests in 1.366 seconds (process running for 1.93)
]]></system-out>
  <system-err><![CDATA[Mockito is currently self-attaching to enable the inline-mock-maker. This will no longer work in future releases of the JDK. Please add Mockito as an agent to your build as described in Mockito's documentation: https://javadoc.io/doc/org.mockito/mockito-core/latest/org.mockito/org/mockito/Mockito.html#0.3
WARNING: A Java agent has been loaded dynamically (/Users/denisa.caruntupitchtech.ro/.gradle/caches/modules-2/files-2.1/net.bytebuddy/byte-buddy-agent/1.18.10/9426d28828bdcdf42666bb7a68c468279ea78f59/byte-buddy-agent-1.18.10.jar)
WARNING: If a serviceability tool is in use, please run with -XX:+EnableDynamicAgentLoading to hide this warning
WARNING: If a serviceability tool is not in use, please run with -Djdk.instrument.traceUsage for more information
WARNING: Dynamic loading of agents will be disallowed by default in a future release
]]></system-err>
</testsuite>
