<?xml version="1.0" encoding="UTF-8"?>
<testsuite name="betr.intern.spring_users.SpringUsersApplicationTests" tests="1" skipped="0" failures="0" errors="0" timestamp="2026-06-30T12:39:39.312Z" hostname="Denisas-MacBook-Pro.local" time="2.549">
  <properties/>
  <testcase name="contextLoads()" classname="betr.intern.spring_users.SpringUsersApplicationTests" time="0.274"/>
  <system-out><![CDATA[15:39:39.396 [Test worker] INFO org.springframework.test.context.support.AnnotationConfigContextLoaderUtils -- Could not detect default configuration classes for test class [betr.intern.spring_users.SpringUsersApplicationTests]: SpringUsersApplicationTests does not declare any static, non-private, non-final, nested classes annotated with @Configuration.
15:39:39.449 [Test worker] INFO org.springframework.boot.test.context.SpringBootTestContextBootstrapper -- Found @SpringBootConfiguration betr.intern.spring_users.SpringUsersApplication for test class betr.intern.spring_users.SpringUsersApplicationTests
15:39:39.489 [Test worker] INFO org.springframework.test.context.support.AnnotationConfigContextLoaderUtils -- Could not detect default configuration classes for test class [betr.intern.spring_users.SpringUsersApplicationTests]: SpringUsersApplicationTests does not declare any static, non-private, non-final, nested classes annotated with @Configuration.
15:39:39.490 [Test worker] INFO org.springframework.boot.test.context.SpringBootTestContextBootstrapper -- Found @SpringBootConfiguration betr.intern.spring_users.SpringUsersApplication for test class betr.intern.spring_users.SpringUsersApplicationTests

  .   ____          _            __ _ _
 /\\ / ___'_ __ _ _(_)_ __  __ _ \ \ \ \
( ( )\___ | '_ | '_| | '_ \/ _` | \ \ \ \
 \\/  ___)| |_)| | | | | || (_| |  ) ) ) )
  '  |____| .__|_| |_|_| |_\__, | / / / /
 =========|_|==============|___/=/_/_/_/

 :: Spring Boot ::                (v4.1.0)

2026-06-30T15:39:39.674+03:00  INFO 35180 --- [    Test worker] b.i.s.SpringUsersApplicationTests        : Starting SpringUsersApplicationTests using Java 21.0.11 with PID 35180 (started by denisa.caruntupitchtech.ro in /Users/denisa.caruntupitchtech.ro/Desktop/PT_Intern)
2026-06-30T15:39:39.675+03:00  INFO 35180 --- [    Test worker] b.i.s.SpringUsersApplicationTests        : No active profile set, falling back to 1 default profile: "default"
2026-06-30T15:39:39.980+03:00  INFO 35180 --- [    Test worker] .s.d.r.c.RepositoryConfigurationDelegate : Bootstrapping Spring Data JPA repositories in DEFAULT mode.
2026-06-30T15:39:40.011+03:00  INFO 35180 --- [    Test worker] .s.d.r.c.RepositoryConfigurationDelegate : Finished Spring Data repository scanning in 26 ms. Found 1 JPA repository interface.
2026-06-30T15:39:40.265+03:00  INFO 35180 --- [    Test worker] org.hibernate.orm.jpa                    : HHH008540: Processing PersistenceUnitInfo [name: default]
2026-06-30T15:39:40.291+03:00  INFO 35180 --- [    Test worker] org.hibernate.orm.core                   : HHH000001: Hibernate ORM core version 7.4.1.Final
2026-06-30T15:39:40.497+03:00  INFO 35180 --- [    Test worker] o.s.o.j.p.SpringPersistenceUnitInfo      : No LoadTimeWeaver setup: ignoring JPA class transformer
2026-06-30T15:39:40.513+03:00  INFO 35180 --- [    Test worker] com.zaxxer.hikari.HikariDataSource       : HikariPool-1 - Starting...
2026-06-30T15:39:40.599+03:00  INFO 35180 --- [    Test worker] com.zaxxer.hikari.pool.HikariPool        : HikariPool-1 - Added connection conn0: url=jdbc:h2:mem:usersdb user=DENY
2026-06-30T15:39:40.600+03:00  INFO 35180 --- [    Test worker] com.zaxxer.hikari.HikariDataSource       : HikariPool-1 - Start completed.
2026-06-30T15:39:40.612+03:00  WARN 35180 --- [    Test worker] org.hibernate.orm.deprecation            : HHH90000025: H2Dialect does not need to be specified explicitly using 'hibernate.dialect' (remove the property setting and it will be selected by default)
2026-06-30T15:39:40.622+03:00  INFO 35180 --- [    Test worker] org.hibernate.orm.connections.pooling    : HHH10001005: Database info:
	Database JDBC URL [jdbc:h2:mem:usersdb]
	Database driver: H2 JDBC Driver
	Database dialect: H2Dialect
	Database version: 2.4.240
	Default catalog/schema: USERSDB/PUBLIC
	Autocommit mode: undefined/unknown
	Isolation level: READ_COMMITTED [default READ_COMMITTED]
	JDBC fetch size: 100
	Pool: DataSourceConnectionProvider
	Minimum pool size: undefined/unknown
	Maximum pool size: undefined/unknown
2026-06-30T15:39:41.058+03:00  INFO 35180 --- [    Test worker] org.hibernate.orm.core                   : HHH000489: No JTA platform available (set 'hibernate.transaction.jta.platform' to enable JTA platform integration)
2026-06-30T15:39:41.091+03:00  INFO 35180 --- [    Test worker] j.LocalContainerEntityManagerFactoryBean : Initialized JPA EntityManagerFactory for persistence unit 'default'
2026-06-30T15:39:41.139+03:00  INFO 35180 --- [    Test worker] o.s.d.j.r.query.QueryEnhancerFactories   : Hibernate is in classpath; If applicable, HQL parser will be used.
2026-06-30T15:39:41.240+03:00  WARN 35180 --- [    Test worker] JpaBaseConfiguration$JpaWebConfiguration : spring.jpa.open-in-view is enabled by default. Therefore, database queries may be performed during view rendering. Explicitly configure spring.jpa.open-in-view to disable this warning
2026-06-30T15:39:41.525+03:00  INFO 35180 --- [    Test worker] o.s.b.h.a.H2ConsoleAutoConfiguration     : H2 console available at '/h2-console'. Database available at 'jdbc:h2:mem:usersdb'
2026-06-30T15:39:41.579+03:00  INFO 35180 --- [    Test worker] b.i.s.SpringUsersApplicationTests        : Started SpringUsersApplicationTests in 2.052 seconds (process running for 2.717)
]]></system-out>
  <system-err><![CDATA[Mockito is currently self-attaching to enable the inline-mock-maker. This will no longer work in future releases of the JDK. Please add Mockito as an agent to your build as described in Mockito's documentation: https://javadoc.io/doc/org.mockito/mockito-core/latest/org.mockito/org/mockito/Mockito.html#0.3
WARNING: A Java agent has been loaded dynamically (/Users/denisa.caruntupitchtech.ro/.gradle/caches/modules-2/files-2.1/net.bytebuddy/byte-buddy-agent/1.18.10/9426d28828bdcdf42666bb7a68c468279ea78f59/byte-buddy-agent-1.18.10.jar)
WARNING: If a serviceability tool is in use, please run with -XX:+EnableDynamicAgentLoading to hide this warning
WARNING: If a serviceability tool is not in use, please run with -Djdk.instrument.traceUsage for more information
WARNING: Dynamic loading of agents will be disallowed by default in a future release
]]></system-err>
</testsuite>
